app/build/intermediates/manifest_merge_blame_file/debug/processDebugMainManifest/manifest-merger-blame-debug-report.txt
1<?xml version="1.0" encoding="utf-8"?>
2<manifest xmlns:android="http://schemas.android.com/apk/res/android"
3    package="com.postkeeper.app"
4    android:versionCode="1"
5    android:versionName="1.0" >
6
7    <uses-sdk
8        android:minSdkVersion="26"
9        android:targetSdkVersion="35" />
10
11    <uses-permission android:name="android.permission.INTERNET" />
11-->src/main/AndroidManifest.xml:5:5-67
11-->src/main/AndroidManifest.xml:5:22-64
12    <uses-permission android:name="android.permission.ACCESS_NETWORK_STATE" />
12-->src/main/AndroidManifest.xml:6:5-79
12-->src/main/AndroidManifest.xml:6:22-76
13    <uses-permission
13-->src/main/AndroidManifest.xml:7:5-8:38
14        android:name="android.permission.WRITE_EXTERNAL_STORAGE"
14-->src/main/AndroidManifest.xml:7:22-78
15        android:maxSdkVersion="28" />
15-->src/main/AndroidManifest.xml:8:9-35
16    <uses-permission
16-->src/main/AndroidManifest.xml:9:5-10:38
17        android:name="android.permission.READ_EXTERNAL_STORAGE"
17-->src/main/AndroidManifest.xml:9:22-77
18        android:maxSdkVersion="32" />
18-->src/main/AndroidManifest.xml:10:9-35
19    <uses-permission android:name="android.permission.READ_MEDIA_IMAGES" />
19-->src/main/AndroidManifest.xml:11:5-76
19-->src/main/AndroidManifest.xml:11:22-73
20    <uses-permission android:name="android.permission.READ_MEDIA_VIDEO" />
20-->src/main/AndroidManifest.xml:12:5-75
20-->src/main/AndroidManifest.xml:12:22-72
21    <uses-permission android:name="android.permission.POST_NOTIFICATIONS" />
21-->src/main/AndroidManifest.xml:13:5-77
21-->src/main/AndroidManifest.xml:13:22-74
22    <uses-permission android:name="android.permission.WAKE_LOCK" />
22-->[androidx.work:work-runtime:2.10.0] AndroidManifest.xml:23:5-68
22-->[androidx.work:work-runtime:2.10.0] AndroidManifest.xml:23:22-65
23    <uses-permission android:name="android.permission.RECEIVE_BOOT_COMPLETED" />
23-->[androidx.work:work-runtime:2.10.0] AndroidManifest.xml:25:5-81
23-->[androidx.work:work-runtime:2.10.0] AndroidManifest.xml:25:22-78
24    <uses-permission android:name="android.permission.FOREGROUND_SERVICE" />
24-->[androidx.work:work-runtime:2.10.0] AndroidManifest.xml:26:5-77
24-->[androidx.work:work-runtime:2.10.0] AndroidManifest.xml:26:22-74
25
26    <permission
26-->[androidx.core:core:1.15.0] AndroidManifest.xml:22:5-24:47
27        android:name="com.postkeeper.app.DYNAMIC_RECEIVER_NOT_EXPORTED_PERMISSION"
27-->[androidx.core:core:1.15.0] AndroidManifest.xml:23:9-81
28        android:protectionLevel="signature" />
28-->[androidx.core:core:1.15.0] AndroidManifest.xml:24:9-44
29
30    <uses-permission android:name="com.postkeeper.app.DYNAMIC_RECEIVER_NOT_EXPORTED_PERMISSION" />
30-->[androidx.core:core:1.15.0] AndroidManifest.xml:26:5-97
30-->[androidx.core:core:1.15.0] AndroidManifest.xml:26:22-94
31
32    <application
32-->src/main/AndroidManifest.xml:15:5-105:19
33        android:name="com.postkeeper.app.PostkeeperApplication"
33-->src/main/AndroidManifest.xml:16:9-46
34        android:allowBackup="true"
34-->src/main/AndroidManifest.xml:17:9-35
35        android:appComponentFactory="androidx.core.app.CoreComponentFactory"
35-->[androidx.core:core:1.15.0] AndroidManifest.xml:28:18-86
36        android:debuggable="true"
37        android:extractNativeLibs="false"
38        android:icon="@mipmap/ic_launcher"
38-->src/main/AndroidManifest.xml:18:9-43
39        android:label="@string/app_name"
39-->src/main/AndroidManifest.xml:19:9-41
40        android:roundIcon="@mipmap/ic_launcher_round"
40-->src/main/AndroidManifest.xml:20:9-54
41        android:supportsRtl="true"
41-->src/main/AndroidManifest.xml:21:9-35
42        android:theme="@style/Theme.Postkeeper"
42-->src/main/AndroidManifest.xml:22:9-48
43        android:usesCleartextTraffic="true" >
43-->src/main/AndroidManifest.xml:23:9-44
44        <activity
44-->src/main/AndroidManifest.xml:26:9-93:20
45            android:name="com.postkeeper.app.ui.home.HomeActivity"
45-->src/main/AndroidManifest.xml:27:13-49
46            android:exported="true"
46-->src/main/AndroidManifest.xml:28:13-36
47            android:launchMode="singleTask"
47-->src/main/AndroidManifest.xml:29:13-44
48            android:theme="@style/Theme.Postkeeper" >
48-->src/main/AndroidManifest.xml:30:13-52
49            <intent-filter>
49-->src/main/AndroidManifest.xml:32:13-35:29
50                <action android:name="android.intent.action.MAIN" />
50-->src/main/AndroidManifest.xml:33:17-69
50-->src/main/AndroidManifest.xml:33:25-66
51
52                <category android:name="android.intent.category.LAUNCHER" />
52-->src/main/AndroidManifest.xml:34:17-77
52-->src/main/AndroidManifest.xml:34:27-74
53            </intent-filter>
54
55            <!-- Handle shared text from other apps -->
56            <intent-filter>
56-->src/main/AndroidManifest.xml:38:13-42:29
57                <action android:name="android.intent.action.SEND" />
57-->src/main/AndroidManifest.xml:39:17-69
57-->src/main/AndroidManifest.xml:39:25-66
58
59                <category android:name="android.intent.category.DEFAULT" />
59-->src/main/AndroidManifest.xml:40:17-76
59-->src/main/AndroidManifest.xml:40:27-73
60
61                <data android:mimeType="text/plain" />
61-->src/main/AndroidManifest.xml:41:17-55
61-->src/main/AndroidManifest.xml:41:23-52
62            </intent-filter>
63
64            <!-- Handle shared images/videos -->
65            <intent-filter>
65-->src/main/AndroidManifest.xml:45:13-49:29
66                <action android:name="android.intent.action.SEND" />
66-->src/main/AndroidManifest.xml:39:17-69
66-->src/main/AndroidManifest.xml:39:25-66
67
68                <category android:name="android.intent.category.DEFAULT" />
68-->src/main/AndroidManifest.xml:40:17-76
68-->src/main/AndroidManifest.xml:40:27-73
69
70                <data android:mimeType="image/*" />
70-->src/main/AndroidManifest.xml:41:17-55
70-->src/main/AndroidManifest.xml:41:23-52
71            </intent-filter>
72            <intent-filter>
72-->src/main/AndroidManifest.xml:51:13-55:29
73                <action android:name="android.intent.action.SEND" />
73-->src/main/AndroidManifest.xml:39:17-69
73-->src/main/AndroidManifest.xml:39:25-66
74
75                <category android:name="android.intent.category.DEFAULT" />
75-->src/main/AndroidManifest.xml:40:17-76
75-->src/main/AndroidManifest.xml:40:27-73
76
77                <data android:mimeType="video/*" />
77-->src/main/AndroidManifest.xml:41:17-55
77-->src/main/AndroidManifest.xml:41:23-52
78            </intent-filter>
79
80            <!-- Handle URLs directly -->
81            <intent-filter>
81-->src/main/AndroidManifest.xml:58:13-63:29
82                <action android:name="android.intent.action.VIEW" />
82-->src/main/AndroidManifest.xml:59:17-69
82-->src/main/AndroidManifest.xml:59:25-66
83
84                <category android:name="android.intent.category.DEFAULT" />
84-->src/main/AndroidManifest.xml:40:17-76
84-->src/main/AndroidManifest.xml:40:27-73
85                <category android:name="android.intent.category.BROWSABLE" />
85-->src/main/AndroidManifest.xml:61:17-78
85-->src/main/AndroidManifest.xml:61:27-75
86
87                <data
87-->src/main/AndroidManifest.xml:41:17-55
88                    android:host="instagram.com"
88-->src/main/AndroidManifest.xml:62:46-74
89                    android:scheme="https" />
89-->src/main/AndroidManifest.xml:62:23-45
90            </intent-filter>
91            <intent-filter>
91-->src/main/AndroidManifest.xml:65:13-70:29
92                <action android:name="android.intent.action.VIEW" />
92-->src/main/AndroidManifest.xml:59:17-69
92-->src/main/AndroidManifest.xml:59:25-66
93
94                <category android:name="android.intent.category.DEFAULT" />
94-->src/main/AndroidManifest.xml:40:17-76
94-->src/main/AndroidManifest.xml:40:27-73
95                <category android:name="android.intent.category.BROWSABLE" />
95-->src/main/AndroidManifest.xml:61:17-78
95-->src/main/AndroidManifest.xml:61:27-75
96
97                <data
97-->src/main/AndroidManifest.xml:41:17-55
98                    android:host="www.instagram.com"
98-->src/main/AndroidManifest.xml:62:46-74
99                    android:scheme="https" />
99-->src/main/AndroidManifest.xml:62:23-45
100            </intent-filter>
101            <intent-filter>
101-->src/main/AndroidManifest.xml:72:13-77:29
102                <action android:name="android.intent.action.VIEW" />
102-->src/main/AndroidManifest.xml:59:17-69
102-->src/main/AndroidManifest.xml:59:25-66
103
104                <category android:name="android.intent.category.DEFAULT" />
104-->src/main/AndroidManifest.xml:40:17-76
104-->src/main/AndroidManifest.xml:40:27-73
105                <category android:name="android.intent.category.BROWSABLE" />
105-->src/main/AndroidManifest.xml:61:17-78
105-->src/main/AndroidManifest.xml:61:27-75
106
107                <data
107-->src/main/AndroidManifest.xml:41:17-55
108                    android:host="x.com"
108-->src/main/AndroidManifest.xml:62:46-74
109                    android:scheme="https" />
109-->src/main/AndroidManifest.xml:62:23-45
110            </intent-filter>
111            <intent-filter>
111-->src/main/AndroidManifest.xml:79:13-84:29
112                <action android:name="android.intent.action.VIEW" />
112-->src/main/AndroidManifest.xml:59:17-69
112-->src/main/AndroidManifest.xml:59:25-66
113
114                <category android:name="android.intent.category.DEFAULT" />
114-->src/main/AndroidManifest.xml:40:17-76
114-->src/main/AndroidManifest.xml:40:27-73
115                <category android:name="android.intent.category.BROWSABLE" />
115-->src/main/AndroidManifest.xml:61:17-78
115-->src/main/AndroidManifest.xml:61:27-75
116
117                <data
117-->src/main/AndroidManifest.xml:41:17-55
118                    android:host="twitter.com"
118-->src/main/AndroidManifest.xml:62:46-74
119                    android:scheme="https" />
119-->src/main/AndroidManifest.xml:62:23-45
120            </intent-filter>
121            <intent-filter>
121-->src/main/AndroidManifest.xml:86:13-91:29
122                <action android:name="android.intent.action.VIEW" />
122-->src/main/AndroidManifest.xml:59:17-69
122-->src/main/AndroidManifest.xml:59:25-66
123
124                <category android:name="android.intent.category.DEFAULT" />
124-->src/main/AndroidManifest.xml:40:17-76
124-->src/main/AndroidManifest.xml:40:27-73
125                <category android:name="android.intent.category.BROWSABLE" />
125-->src/main/AndroidManifest.xml:61:17-78
125-->src/main/AndroidManifest.xml:61:27-75
126
127                <data
127-->src/main/AndroidManifest.xml:41:17-55
128                    android:host="www.twitter.com"
128-->src/main/AndroidManifest.xml:62:46-74
129                    android:scheme="https" />
129-->src/main/AndroidManifest.xml:62:23-45
130            </intent-filter>
131        </activity>
132
133        <provider
134            android:name="androidx.core.content.FileProvider"
134-->src/main/AndroidManifest.xml:96:13-62
135            android:authorities="com.postkeeper.app.fileprovider"
135-->src/main/AndroidManifest.xml:97:13-64
136            android:exported="false"
136-->src/main/AndroidManifest.xml:98:13-37
137            android:grantUriPermissions="true" >
137-->src/main/AndroidManifest.xml:99:13-47
138            <meta-data
138-->src/main/AndroidManifest.xml:100:13-102:54
139                android:name="android.support.FILE_PROVIDER_PATHS"
139-->src/main/AndroidManifest.xml:101:17-67
140                android:resource="@xml/file_paths" />
140-->src/main/AndroidManifest.xml:102:17-51
141        </provider>
142        <provider
142-->[androidx.emoji2:emoji2:1.3.0] AndroidManifest.xml:24:9-32:20
143            android:name="androidx.startup.InitializationProvider"
143-->[androidx.emoji2:emoji2:1.3.0] AndroidManifest.xml:25:13-67
144            android:authorities="com.postkeeper.app.androidx-startup"
144-->[androidx.emoji2:emoji2:1.3.0] AndroidManifest.xml:26:13-68
145            android:exported="false" >
145-->[androidx.emoji2:emoji2:1.3.0] AndroidManifest.xml:27:13-37
146            <meta-data
146-->[androidx.emoji2:emoji2:1.3.0] AndroidManifest.xml:29:13-31:52
147                android:name="androidx.emoji2.text.EmojiCompatInitializer"
147-->[androidx.emoji2:emoji2:1.3.0] AndroidManifest.xml:30:17-75
148                android:value="androidx.startup" />
148-->[androidx.emoji2:emoji2:1.3.0] AndroidManifest.xml:31:17-49
149            <meta-data
149-->[androidx.work:work-runtime:2.10.0] AndroidManifest.xml:34:13-36:52
150                android:name="androidx.work.WorkManagerInitializer"
150-->[androidx.work:work-runtime:2.10.0] AndroidManifest.xml:35:17-68
151                android:value="androidx.startup" />
151-->[androidx.work:work-runtime:2.10.0] AndroidManifest.xml:36:17-49
152            <meta-data
152-->[androidx.lifecycle:lifecycle-process:2.8.7] AndroidManifest.xml:29:13-31:52
153                android:name="androidx.lifecycle.ProcessLifecycleInitializer"
153-->[androidx.lifecycle:lifecycle-process:2.8.7] AndroidManifest.xml:30:17-78
154                android:value="androidx.startup" />
154-->[androidx.lifecycle:lifecycle-process:2.8.7] AndroidManifest.xml:31:17-49
155            <meta-data
155-->[androidx.profileinstaller:profileinstaller:1.4.0] AndroidManifest.xml:29:13-31:52
156                android:name="androidx.profileinstaller.ProfileInstallerInitializer"
156-->[androidx.profileinstaller:profileinstaller:1.4.0] AndroidManifest.xml:30:17-85
157                android:value="androidx.startup" />
157-->[androidx.profileinstaller:profileinstaller:1.4.0] AndroidManifest.xml:31:17-49
158        </provider>
159
160        <service
160-->[androidx.work:work-runtime:2.10.0] AndroidManifest.xml:39:9-45:35
161            android:name="androidx.work.impl.background.systemalarm.SystemAlarmService"
161-->[androidx.work:work-runtime:2.10.0] AndroidManifest.xml:40:13-88
162            android:directBootAware="false"
162-->[androidx.work:work-runtime:2.10.0] AndroidManifest.xml:41:13-44
163            android:enabled="@bool/enable_system_alarm_service_default"
163-->[androidx.work:work-runtime:2.10.0] AndroidManifest.xml:42:13-72
164            android:exported="false" />
164-->[androidx.work:work-runtime:2.10.0] AndroidManifest.xml:43:13-37
165        <service
165-->[androidx.work:work-runtime:2.10.0] AndroidManifest.xml:46:9-52:35
166            android:name="androidx.work.impl.background.systemjob.SystemJobService"
166-->[androidx.work:work-runtime:2.10.0] AndroidManifest.xml:47:13-84
167            android:directBootAware="false"
167-->[androidx.work:work-runtime:2.10.0] AndroidManifest.xml:48:13-44
168            android:enabled="@bool/enable_system_job_service_default"
168-->[androidx.work:work-runtime:2.10.0] AndroidManifest.xml:49:13-70
169            android:exported="true"
169-->[androidx.work:work-runtime:2.10.0] AndroidManifest.xml:50:13-36
170            android:permission="android.permission.BIND_JOB_SERVICE" />
170-->[androidx.work:work-runtime:2.10.0] AndroidManifest.xml:51:13-69
171        <service
171-->[androidx.work:work-runtime:2.10.0] AndroidManifest.xml:53:9-59:35
172            android:name="androidx.work.impl.foreground.SystemForegroundService"
172-->[androidx.work:work-runtime:2.10.0] AndroidManifest.xml:54:13-81
173            android:directBootAware="false"
173-->[androidx.work:work-runtime:2.10.0] AndroidManifest.xml:55:13-44
174            android:enabled="@bool/enable_system_foreground_service_default"
174-->[androidx.work:work-runtime:2.10.0] AndroidManifest.xml:56:13-77
175            android:exported="false" />
175-->[androidx.work:work-runtime:2.10.0] AndroidManifest.xml:57:13-37
176
177        <receiver
177-->[androidx.work:work-runtime:2.10.0] AndroidManifest.xml:61:9-66:35
178            android:name="androidx.work.impl.utils.ForceStopRunnable$BroadcastReceiver"
178-->[androidx.work:work-runtime:2.10.0] AndroidManifest.xml:62:13-88
179            android:directBootAware="false"
179-->[androidx.work:work-runtime:2.10.0] AndroidManifest.xml:63:13-44
180            android:enabled="true"
180-->[androidx.work:work-runtime:2.10.0] AndroidManifest.xml:64:13-35
181            android:exported="false" />
181-->[androidx.work:work-runtime:2.10.0] AndroidManifest.xml:65:13-37
182        <receiver
182-->[androidx.work:work-runtime:2.10.0] AndroidManifest.xml:67:9-77:20
183            android:name="androidx.work.impl.background.systemalarm.ConstraintProxy$BatteryChargingProxy"
183-->[androidx.work:work-runtime:2.10.0] AndroidManifest.xml:68:13-106
184            android:directBootAware="false"
184-->[androidx.work:work-runtime:2.10.0] AndroidManifest.xml:69:13-44
185            android:enabled="false"
185-->[androidx.work:work-runtime:2.10.0] AndroidManifest.xml:70:13-36
186            android:exported="false" >
186-->[androidx.work:work-runtime:2.10.0] AndroidManifest.xml:71:13-37
187            <intent-filter>
187-->[androidx.work:work-runtime:2.10.0] AndroidManifest.xml:73:13-76:29
188                <action android:name="android.intent.action.ACTION_POWER_CONNECTED" />
188-->[androidx.work:work-runtime:2.10.0] AndroidManifest.xml:74:17-87
188-->[androidx.work:work-runtime:2.10.0] AndroidManifest.xml:74:25-84
189                <action android:name="android.intent.action.ACTION_POWER_DISCONNECTED" />
189-->[androidx.work:work-runtime:2.10.0] AndroidManifest.xml:75:17-90
189-->[androidx.work:work-runtime:2.10.0] AndroidManifest.xml:75:25-87
190            </intent-filter>
191        </receiver>
192        <receiver
192-->[androidx.work:work-runtime:2.10.0] AndroidManifest.xml:78:9-88:20
193            android:name="androidx.work.impl.background.systemalarm.ConstraintProxy$BatteryNotLowProxy"
193-->[androidx.work:work-runtime:2.10.0] AndroidManifest.xml:79:13-104
194            android:directBootAware="false"
194-->[androidx.work:work-runtime:2.10.0] AndroidManifest.xml:80:13-44
195            android:enabled="false"
195-->[androidx.work:work-runtime:2.10.0] AndroidManifest.xml:81:13-36
196            android:exported="false" >
196-->[androidx.work:work-runtime:2.10.0] AndroidManifest.xml:82:13-37
197            <intent-filter>
197-->[androidx.work:work-runtime:2.10.0] AndroidManifest.xml:84:13-87:29
198                <action android:name="android.intent.action.BATTERY_OKAY" />
198-->[androidx.work:work-runtime:2.10.0] AndroidManifest.xml:85:17-77
198-->[androidx.work:work-runtime:2.10.0] AndroidManifest.xml:85:25-74
199                <action android:name="android.intent.action.BATTERY_LOW" />
199-->[androidx.work:work-runtime:2.10.0] AndroidManifest.xml:86:17-76
199-->[androidx.work:work-runtime:2.10.0] AndroidManifest.xml:86:25-73
200            </intent-filter>
201        </receiver>
202        <receiver
202-->[androidx.work:work-runtime:2.10.0] AndroidManifest.xml:89:9-99:20
203            android:name="androidx.work.impl.background.systemalarm.ConstraintProxy$StorageNotLowProxy"
203-->[androidx.work:work-runtime:2.10.0] AndroidManifest.xml:90:13-104
204            android:directBootAware="false"
204-->[androidx.work:work-runtime:2.10.0] AndroidManifest.xml:91:13-44
205            android:enabled="false"
205-->[androidx.work:work-runtime:2.10.0] AndroidManifest.xml:92:13-36
206            android:exported="false" >
206-->[androidx.work:work-runtime:2.10.0] AndroidManifest.xml:93:13-37
207            <intent-filter>
207-->[androidx.work:work-runtime:2.10.0] AndroidManifest.xml:95:13-98:29
208                <action android:name="android.intent.action.DEVICE_STORAGE_LOW" />
208-->[androidx.work:work-runtime:2.10.0] AndroidManifest.xml:96:17-83
208-->[androidx.work:work-runtime:2.10.0] AndroidManifest.xml:96:25-80
209                <action android:name="android.intent.action.DEVICE_STORAGE_OK" />
209-->[androidx.work:work-runtime:2.10.0] AndroidManifest.xml:97:17-82
209-->[androidx.work:work-runtime:2.10.0] AndroidManifest.xml:97:25-79
210            </intent-filter>
211        </receiver>
212        <receiver
212-->[androidx.work:work-runtime:2.10.0] AndroidManifest.xml:100:9-109:20
213            android:name="androidx.work.impl.background.systemalarm.ConstraintProxy$NetworkStateProxy"
213-->[androidx.work:work-runtime:2.10.0] AndroidManifest.xml:101:13-103
214            android:directBootAware="false"
214-->[androidx.work:work-runtime:2.10.0] AndroidManifest.xml:102:13-44
215            android:enabled="false"
215-->[androidx.work:work-runtime:2.10.0] AndroidManifest.xml:103:13-36
216            android:exported="false" >
216-->[androidx.work:work-runtime:2.10.0] AndroidManifest.xml:104:13-37
217            <intent-filter>
217-->[androidx.work:work-runtime:2.10.0] AndroidManifest.xml:106:13-108:29
218                <action android:name="android.net.conn.CONNECTIVITY_CHANGE" />
218-->[androidx.work:work-runtime:2.10.0] AndroidManifest.xml:107:17-79
218-->[androidx.work:work-runtime:2.10.0] AndroidManifest.xml:107:25-76
219            </intent-filter>
220        </receiver>
221        <receiver
221-->[androidx.work:work-runtime:2.10.0] AndroidManifest.xml:110:9-121:20
222            android:name="androidx.work.impl.background.systemalarm.RescheduleReceiver"
222-->[androidx.work:work-runtime:2.10.0] AndroidManifest.xml:111:13-88
223            android:directBootAware="false"
223-->[androidx.work:work-runtime:2.10.0] AndroidManifest.xml:112:13-44
224            android:enabled="false"
224-->[androidx.work:work-runtime:2.10.0] AndroidManifest.xml:113:13-36
225            android:exported="false" >
225-->[androidx.work:work-runtime:2.10.0] AndroidManifest.xml:114:13-37
226            <intent-filter>
226-->[androidx.work:work-runtime:2.10.0] AndroidManifest.xml:116:13-120:29
227                <action android:name="android.intent.action.BOOT_COMPLETED" />
227-->[androidx.work:work-runtime:2.10.0] AndroidManifest.xml:117:17-79
227-->[androidx.work:work-runtime:2.10.0] AndroidManifest.xml:117:25-76
228                <action android:name="android.intent.action.TIME_SET" />
228-->[androidx.work:work-runtime:2.10.0] AndroidManifest.xml:118:17-73
228-->[androidx.work:work-runtime:2.10.0] AndroidManifest.xml:118:25-70
229                <action android:name="android.intent.action.TIMEZONE_CHANGED" />
229-->[androidx.work:work-runtime:2.10.0] AndroidManifest.xml:119:17-81
229-->[androidx.work:work-runtime:2.10.0] AndroidManifest.xml:119:25-78
230            </intent-filter>
231        </receiver>
232        <receiver
232-->[androidx.work:work-runtime:2.10.0] AndroidManifest.xml:122:9-131:20
233            android:name="androidx.work.impl.background.systemalarm.ConstraintProxyUpdateReceiver"
233-->[androidx.work:work-runtime:2.10.0] AndroidManifest.xml:123:13-99
234            android:directBootAware="false"
234-->[androidx.work:work-runtime:2.10.0] AndroidManifest.xml:124:13-44
235            android:enabled="@bool/enable_system_alarm_service_default"
235-->[androidx.work:work-runtime:2.10.0] AndroidManifest.xml:125:13-72
236            android:exported="false" >
236-->[androidx.work:work-runtime:2.10.0] AndroidManifest.xml:126:13-37
237            <intent-filter>
237-->[androidx.work:work-runtime:2.10.0] AndroidManifest.xml:128:13-130:29
238                <action android:name="androidx.work.impl.background.systemalarm.UpdateProxies" />
238-->[androidx.work:work-runtime:2.10.0] AndroidManifest.xml:129:17-98
238-->[androidx.work:work-runtime:2.10.0] AndroidManifest.xml:129:25-95
239            </intent-filter>
240        </receiver>
241        <receiver
241-->[androidx.work:work-runtime:2.10.0] AndroidManifest.xml:132:9-142:20
242            android:name="androidx.work.impl.diagnostics.DiagnosticsReceiver"
242-->[androidx.work:work-runtime:2.10.0] AndroidManifest.xml:133:13-78
243            android:directBootAware="false"
243-->[androidx.work:work-runtime:2.10.0] AndroidManifest.xml:134:13-44
244            android:enabled="true"
244-->[androidx.work:work-runtime:2.10.0] AndroidManifest.xml:135:13-35
245            android:exported="true"
245-->[androidx.work:work-runtime:2.10.0] AndroidManifest.xml:136:13-36
246            android:permission="android.permission.DUMP" >
246-->[androidx.work:work-runtime:2.10.0] AndroidManifest.xml:137:13-57
247            <intent-filter>
247-->[androidx.work:work-runtime:2.10.0] AndroidManifest.xml:139:13-141:29
248                <action android:name="androidx.work.diagnostics.REQUEST_DIAGNOSTICS" />
248-->[androidx.work:work-runtime:2.10.0] AndroidManifest.xml:140:17-88
248-->[androidx.work:work-runtime:2.10.0] AndroidManifest.xml:140:25-85
249            </intent-filter>
250        </receiver>
251
252        <uses-library
252-->[androidx.window:window:1.0.0] AndroidManifest.xml:25:9-27:40
253            android:name="androidx.window.extensions"
253-->[androidx.window:window:1.0.0] AndroidManifest.xml:26:13-54
254            android:required="false" />
254-->[androidx.window:window:1.0.0] AndroidManifest.xml:27:13-37
255        <uses-library
255-->[androidx.window:window:1.0.0] AndroidManifest.xml:28:9-30:40
256            android:name="androidx.window.sidecar"
256-->[androidx.window:window:1.0.0] AndroidManifest.xml:29:13-51
257            android:required="false" />
257-->[androidx.window:window:1.0.0] AndroidManifest.xml:30:13-37
258
259        <service
259-->[androidx.room:room-runtime:2.6.1] AndroidManifest.xml:24:9-28:63
260            android:name="androidx.room.MultiInstanceInvalidationService"
260-->[androidx.room:room-runtime:2.6.1] AndroidManifest.xml:25:13-74
261            android:directBootAware="true"
261-->[androidx.room:room-runtime:2.6.1] AndroidManifest.xml:26:13-43
262            android:exported="false" />
262-->[androidx.room:room-runtime:2.6.1] AndroidManifest.xml:27:13-37
263
264        <receiver
264-->[androidx.profileinstaller:profileinstaller:1.4.0] AndroidManifest.xml:34:9-52:20
265            android:name="androidx.profileinstaller.ProfileInstallReceiver"
265-->[androidx.profileinstaller:profileinstaller:1.4.0] AndroidManifest.xml:35:13-76
266            android:directBootAware="false"
266-->[androidx.profileinstaller:profileinstaller:1.4.0] AndroidManifest.xml:36:13-44
267            android:enabled="true"
267-->[androidx.profileinstaller:profileinstaller:1.4.0] AndroidManifest.xml:37:13-35
268            android:exported="true"
268-->[androidx.profileinstaller:profileinstaller:1.4.0] AndroidManifest.xml:38:13-36
269            android:permission="android.permission.DUMP" >
269-->[androidx.profileinstaller:profileinstaller:1.4.0] AndroidManifest.xml:39:13-57
270            <intent-filter>
270-->[androidx.profileinstaller:profileinstaller:1.4.0] AndroidManifest.xml:40:13-42:29
271                <action android:name="androidx.profileinstaller.action.INSTALL_PROFILE" />
271-->[androidx.profileinstaller:profileinstaller:1.4.0] AndroidManifest.xml:41:17-91
271-->[androidx.profileinstaller:profileinstaller:1.4.0] AndroidManifest.xml:41:25-88
272            </intent-filter>
273            <intent-filter>
273-->[androidx.profileinstaller:profileinstaller:1.4.0] AndroidManifest.xml:43:13-45:29
274                <action android:name="androidx.profileinstaller.action.SKIP_FILE" />
274-->[androidx.profileinstaller:profileinstaller:1.4.0] AndroidManifest.xml:44:17-85
274-->[androidx.profileinstaller:profileinstaller:1.4.0] AndroidManifest.xml:44:25-82
275            </intent-filter>
276            <intent-filter>
276-->[androidx.profileinstaller:profileinstaller:1.4.0] AndroidManifest.xml:46:13-48:29
277                <action android:name="androidx.profileinstaller.action.SAVE_PROFILE" />
277-->[androidx.profileinstaller:profileinstaller:1.4.0] AndroidManifest.xml:47:17-88
277-->[androidx.profileinstaller:profileinstaller:1.4.0] AndroidManifest.xml:47:25-85
278            </intent-filter>
279            <intent-filter>
279-->[androidx.profileinstaller:profileinstaller:1.4.0] AndroidManifest.xml:49:13-51:29
280                <action android:name="androidx.profileinstaller.action.BENCHMARK_OPERATION" />
280-->[androidx.profileinstaller:profileinstaller:1.4.0] AndroidManifest.xml:50:17-95
280-->[androidx.profileinstaller:profileinstaller:1.4.0] AndroidManifest.xml:50:25-92
281            </intent-filter>
282        </receiver>
283    </application>
284
285</manifest>